#
# A fatal error has been detected by the Java Runtime Environment:
#
#  EXCEPTION_STACK_OVERFLOW (0xc00000fd) at pc=0x00007ffc4d552ec3, pid=19240, tid=32956
#
# JRE version: Java(TM) SE Runtime Environment (17.0.2+8) (build 17.0.2+8-LTS-86)
# Java VM: Java HotSpot(TM) 64-Bit Server VM (17.0.2+8-LTS-86, mixed mode, emulated-client, sharing, tiered, compressed oops, compressed class ptrs, g1 gc, windows-amd64)
# Problematic frame:
# V  [jvm.dll+0x382ec3]
#
# No core dump will be written. Minidumps are not enabled by default on client versions of Windows
#
# If you would like to submit a bug report, please visit:
#   https://bugreport.java.com/bugreport/crash.jsp
#

---------------  S U M M A R Y ------------

Command Line: -XX:TieredStopAtLevel=1 -Xverify:none -Dspring.output.ansi.enabled=always -javaagent:C:\Program Files\JetBrains\IntelliJ IDEA 2021.3\lib\idea_rt.jar=57051:C:\Program Files\JetBrains\IntelliJ IDEA 2021.3\bin -Dcom.sun.management.jmxremote -Dspring.jmx.enabled=true -Dspring.liveBeansView.mbeanDomain -Dspring.application.admin.enabled=true -Dfile.encoding=UTF-8 com.example.ssn_api.SsnApiApplication

Host: Intel(R) Core(TM) i5-9300H CPU @ 2.40GHz, 8 cores, 7G,  Windows 11 , 64 bit Build 22000 (10.0.22000.708)
Time: Sat Oct  1 09:34:50 2022 FLE Daylight Time elapsed time: 35173.494308 seconds (0d 9h 46m 13s)

---------------  T H R E A D  ---------------

Current thread (0x000001ad7ee1bd60):  JavaThread "Logging-Cleaner" [_thread_in_vm, id=32956, stack(0x0000006bcb400000,0x0000006bcb500000)]

Stack: [0x0000006bcb400000,0x0000006bcb500000],  sp=0x0000006bcb4ff450,  free space=1021k
Native frames: (J=compiled Java code, j=interpreted, Vv=VM code, C=native code)
V  [jvm.dll+0x382ec3]
V  [jvm.dll+0x670ad2]
V  [jvm.dll+0x383b1b]
V  [jvm.dll+0x383da7]
V  [jvm.dll+0x409b21]
V  [jvm.dll+0x7859bb]
V  [jvm.dll+0x77ff7a]
V  [jvm.dll+0x66fa35]
C  [ucrtbase.dll+0x26c0c]
C  [KERNEL32.DLL+0x154e0]
C  [ntdll.dll+0x485b]


siginfo: EXCEPTION_STACK_OVERFLOW (0xc00000fd), ExceptionInformation=0x0000000000000001 0x0000006bcb4fa450 


Register to memory mapping:

RIP=0x00007ffc4d552ec3 jvm.dll
RAX=0x0000000000000003 is an unknown value
RBX=0x0000006bcb4fa450 is pointing into the stack for thread: 0x000001ad7ee1bd60
RCX=0x0000000000001000 is an unknown value
RDX=0x0 is NULL
RSP=0x0000006bcb4ff450 is pointing into the stack for thread: 0x000001ad7ee1bd60
RBP=0x0000006bcb4ff550 is pointing into the stack for thread: 0x000001ad7ee1bd60
RSI=0x0000006bcb4ff6e0 is pointing into the stack for thread: 0x000001ad7ee1bd60
RDI=0x000001ad7ee1bd60 is a thread
R8 =0x0000006bcb4ff450 is pointing into the stack for thread: 0x000001ad7ee1bd60
R9 =0x0000000000000153 is an unknown value
R10=0x0000006bcb4ff610 is pointing into the stack for thread: 0x000001ad7ee1bd60
R11=0x0000006bcb4ff7b0 is pointing into the stack for thread: 0x000001ad7ee1bd60
R12=0x0000006bcb4ff7b0 is pointing into the stack for thread: 0x000001ad7ee1bd60
R13=0x0000006bcb4ff610 is pointing into the stack for thread: 0x000001ad7ee1bd60
R14=0x000001ad014c2bc0 points into unknown readable memory: 0x0000000082a88a20 | 20 8a a8 82 00 00 00 00
R15=0x000000000000000a is an unknown value


Registers:
RAX=0x0000000000000003, RBX=0x0000006bcb4fa450, RCX=0x0000000000001000, RDX=0x0000000000000000
RSP=0x0000006bcb4ff450, RBP=0x0000006bcb4ff550, RSI=0x0000006bcb4ff6e0, RDI=0x000001ad7ee1bd60
R8 =0x0000006bcb4ff450, R9 =0x0000000000000153, R10=0x0000006bcb4ff610, R11=0x0000006bcb4ff7b0
R12=0x0000006bcb4ff7b0, R13=0x0000006bcb4ff610, R14=0x000001ad014c2bc0, R15=0x000000000000000a
RIP=0x00007ffc4d552ec3, EFLAGS=0x0000000000010206

Top of Stack: (sp=0x0000006bcb4ff450)
0x0000006bcb4ff450:   0000006bcb4ff450 0000006bcb4ff6e0
0x0000006bcb4ff460:   0000006bcb4ff538 00007ffc4d3e17fe
0x0000006bcb4ff470:   0000000000000020 000001ad014c2bc0
0x0000006bcb4ff480:   00007ffcc35ff4f8 00007ffcc35ff0c0
0x0000006bcb4ff490:   0000006bcb4ff538 00007ffc4d3e1c48
0x0000006bcb4ff4a0:   000000000000004f 00007ffc4d731ef7
0x0000006bcb4ff4b0:   00007ffcc35ff4f8 00007ffcc35ff4f8
0x0000006bcb4ff4c0:   0000006bcb4ff538 00007ffc4d517316
0x0000006bcb4ff4d0:   000001ad70f8c180 0000006bcb4ff5c0
0x0000006bcb4ff4e0:   0000006bcb4ff7d8 000001ad7ee1bd60
0x0000006bcb4ff4f0:   0000000000000005 00007ffc4d72a85e
0x0000006bcb4ff500:   000000080005c168 000001ad7ee1bd60
0x0000006bcb4ff510:   000001ad7d1a74e0 00007ffc4dcd2900
0x0000006bcb4ff520:   0000000000000000 0000000000000000
0x0000006bcb4ff530:   000000080005c168 000000080005c168
0x0000006bcb4ff540:   000001ad7ee1bd60 000000080005c168 

Instructions: (pc=0x00007ffc4d552ec3)
0x00007ffc4d552dc3:   77 45 4c 8d 05 34 d2 c7 ff 48 98 41 8b 8c 80 2c
0x00007ffc4d552dd3:   33 38 00 49 03 c8 ff e1 41 bf 0a 00 00 00 eb 47
0x00007ffc4d552de3:   c7 45 78 0b 00 00 00 c6 45 70 00 eb 56 c7 45 78
0x00007ffc4d552df3:   06 00 00 00 c6 45 70 00 eb 49 c7 45 78 07 00 00
0x00007ffc4d552e03:   00 c6 45 70 00 eb 3c ba b5 00 00 00 48 8d 0d c2
0x00007ffc4d552e13:   e3 57 00 e8 35 fc eb ff e8 00 d9 2e 00 41 8b 14
0x00007ffc4d552e23:   24 41 bf 63 00 00 00 44 89 7d 78 83 fa 0c 74 0b
0x00007ffc4d552e33:   83 fa 0d 74 06 c6 45 70 00 eb 08 c6 45 70 01 44
0x00007ffc4d552e43:   89 7d 78 49 8b 45 00 8b 48 28 c1 e9 03 f6 c1 01
0x00007ffc4d552e53:   75 09 48 8b 46 58 4c 8b 30 eb 03 4c 8b f3 48 8d
0x00007ffc4d552e63:   8f a8 03 00 00 e8 43 3d 37 00 e8 ce d9 2e 00 4c
0x00007ffc4d552e73:   8b c0 49 8b d5 48 8b cf 48 8b d8 e8 9d 25 2e 00
0x00007ffc4d552e83:   84 c0 75 1d 4d 8b cd 48 8d 15 47 e3 57 00 41 b8
0x00007ffc4d552e93:   90 01 00 00 48 8b cf e8 91 7e f3 ff e9 6d 04 00
0x00007ffc4d552ea3:   00 48 63 0d 65 d5 77 00 33 d2 48 8b 05 f4 22 78
0x00007ffc4d552eb3:   00 48 f7 f1 48 83 f8 01 72 0f 0f 1f 00 48 2b d9
0x00007ffc4d552ec3:   c6 03 00 48 83 e8 01 75 f4 33 c0 48 8b cf 48 89
0x00007ffc4d552ed3:   44 24 60 b3 01 48 89 44 24 70 48 89 44 24 68 48
0x00007ffc4d552ee3:   8b 07 ff 50 38 84 c0 75 24 4c 8d 0d 6d e2 57 00
0x00007ffc4d552ef3:   ba 3b 00 00 00 4c 8d 05 a9 e2 57 00 48 8d 0d d2
0x00007ffc4d552f03:   e2 57 00 e8 a5 fb eb ff e8 10 d8 2e 00 48 8b 07
0x00007ffc4d552f13:   48 8b cf ff 90 a0 00 00 00 84 c0 75 24 4c 8d 0d
0x00007ffc4d552f23:   f1 e2 57 00 ba 3d 00 00 00 4c 8d 05 15 e3 57 00
0x00007ffc4d552f33:   48 8d 0d 9e e2 57 00 e8 71 fb eb ff e8 dc d7 2e
0x00007ffc4d552f43:   00 33 d2 4c 89 64 24 78 48 8b cf e8 bd 28 08 00
0x00007ffc4d552f53:   4c 8b f8 c7 87 38 03 00 00 07 00 00 00 e8 2b ef
0x00007ffc4d552f63:   2d 00 48 8b 8f 40 03 00 00 84 cb 74 0b 0f b6 d3
0x00007ffc4d552f73:   48 8b cf e8 65 e6 34 00 83 bf 2c 03 00 00 00 c7
0x00007ffc4d552f83:   87 38 03 00 00 08 00 00 00 75 0a 8b 87 28 03 00
0x00007ffc4d552f93:   00 a8 0c 74 1d 0f b6 d3 48 8b cf e8 dd f6 3f 00
0x00007ffc4d552fa3:   48 83 7f 08 00 ba 00 00 00 00 0f b6 db 0f 45 da
0x00007ffc4d552fb3:   eb 02 33 d2 49 8b 45 00 48 89 44 24 50 4d 85 f6 


Stack slot to memory mapping:
stack at sp + 0 slots: 0x0000006bcb4ff450 is pointing into the stack for thread: 0x000001ad7ee1bd60
stack at sp + 1 slots: 0x0000006bcb4ff6e0 is pointing into the stack for thread: 0x000001ad7ee1bd60
stack at sp + 2 slots: 0x0000006bcb4ff538 is pointing into the stack for thread: 0x000001ad7ee1bd60
stack at sp + 3 slots: 0x00007ffc4d3e17fe jvm.dll
stack at sp + 4 slots: 0x0000000000000020 is an unknown value
stack at sp + 5 slots: 0x000001ad014c2bc0 points into unknown readable memory: 0x0000000082a88a20 | 20 8a a8 82 00 00 00 00
stack at sp + 6 slots: 0x00007ffcc35ff4f8 ucrtbase.dll
stack at sp + 7 slots: 0x00007ffcc35ff0c0 ucrtbase.dll


---------------  P R O C E S S  ---------------

Threads class SMR info:
_java_thread_list=0x000001ad010d4ae0, length=21, elements={
0x000001ad7bd9fd30, 0x000001ad7bda26f0, 0x000001ad7bdb5f40, 0x000001ad7bdb68f0,
0x000001ad7bdb72a0, 0x000001ad7bdb7c50, 0x000001ad7bdbbbb0, 0x000001ad7bdc45b0,
0x000001ad7bd8d860, 0x000001ad7cbfa230, 0x000001ad7cbfa700, 0x000001ad7cec71a0,
0x000001ad7e9dfaa0, 0x000001ad7ee1c700, 0x000001ad01155730, 0x000001ad01152710,
0x000001ad7ee1b890, 0x000001ad011530b0, 0x000001ad0124da30, 0x000001ad7ee1bd60,
0x000001ad7ee1cbd0
}

Java Threads: ( => current thread )
  0x000001ad7bd9fd30 JavaThread "Reference Handler" daemon [_thread_blocked, id=31148, stack(0x0000006bcbe00000,0x0000006bcbf00000)]
  0x000001ad7bda26f0 JavaThread "Finalizer" daemon [_thread_blocked, id=28892, stack(0x0000006bcbf00000,0x0000006bcc000000)]
  0x000001ad7bdb5f40 JavaThread "Signal Dispatcher" daemon [_thread_blocked, id=25936, stack(0x0000006bcc000000,0x0000006bcc100000)]
  0x000001ad7bdb68f0 JavaThread "Attach Listener" daemon [_thread_blocked, id=29068, stack(0x0000006bcc100000,0x0000006bcc200000)]
  0x000001ad7bdb72a0 JavaThread "Service Thread" daemon [_thread_blocked, id=14912, stack(0x0000006bcc200000,0x0000006bcc300000)]
  0x000001ad7bdb7c50 JavaThread "Monitor Deflation Thread" daemon [_thread_blocked, id=18176, stack(0x0000006bcc300000,0x0000006bcc400000)]
  0x000001ad7bdbbbb0 JavaThread "C1 CompilerThread0" daemon [_thread_blocked, id=14396, stack(0x0000006bcc400000,0x0000006bcc500000)]
  0x000001ad7bdc45b0 JavaThread "Sweeper thread" daemon [_thread_blocked, id=27868, stack(0x0000006bcc500000,0x0000006bcc600000)]
  0x000001ad7bd8d860 JavaThread "Common-Cleaner" daemon [_thread_blocked, id=17988, stack(0x0000006bcc600000,0x0000006bcc700000)]
  0x000001ad7cbfa230 JavaThread "Monitor Ctrl-Break" daemon [_thread_in_native, id=31092, stack(0x0000006bcc900000,0x0000006bcca00000)]
  0x000001ad7cbfa700 JavaThread "Notification Thread" daemon [_thread_blocked, id=17572, stack(0x0000006bcca00000,0x0000006bccb00000)]
  0x000001ad7cec71a0 JavaThread "RMI TCP Accept-0" daemon [_thread_in_native, id=23276, stack(0x0000006bccb00000,0x0000006bccc00000)]
  0x000001ad7e9dfaa0 JavaThread "mysql-cj-abandoned-connection-cleanup" daemon [_thread_blocked, id=16084, stack(0x0000006bcdc00000,0x0000006bcdd00000)]
  0x000001ad7ee1c700 JavaThread "Live Reload Server" daemon [_thread_in_native, id=31396, stack(0x0000006bce600000,0x0000006bce700000)]
  0x000001ad01155730 JavaThread "DestroyJavaVM" [_thread_blocked, id=30736, stack(0x0000006bcb700000,0x0000006bcb800000)]
  0x000001ad01152710 JavaThread "File Watcher" daemon [_thread_blocked, id=26752, stack(0x0000006bcb500000,0x0000006bcb600000)]
  0x000001ad7ee1b890 JavaThread "File Watcher" daemon [_thread_blocked, id=27500, stack(0x0000006bcc800000,0x0000006bcc900000)]
  0x000001ad011530b0 JavaThread "File Watcher" daemon [_thread_blocked, id=25836, stack(0x0000006bccd00000,0x0000006bcce00000)]
  0x000001ad0124da30 JavaThread "C1 CompilerThread1" daemon [_thread_blocked, id=18452, stack(0x0000006bcb600000,0x0000006bcb700000)]
=>0x000001ad7ee1bd60 JavaThread "Logging-Cleaner" [_thread_in_vm, id=32956, stack(0x0000006bcb400000,0x0000006bcb500000)]
  0x000001ad7ee1cbd0 JavaThread "SpringApplicationShutdownHook" [_thread_new, id=32960, stack(0x0000006bcc700000,0x0000006bcc800000)]

Other Threads:
  0x000001ad7bd9cf70 VMThread "VM Thread" [stack: 0x0000006bcbd00000,0x0000006bcbe00000] [id=29472] _threads_hazard_ptr=0x000001ad010d4ae0
  0x000001ad67f94c30 WatcherThread [stack: 0x0000006bccc00000,0x0000006bccd00000] [id=23444]
  0x000001ad67f67990 GCTaskThread "GC Thread#0" [stack: 0x0000006bcb800000,0x0000006bcb900000] [id=7984]
  0x000001ad7d1f2b90 GCTaskThread "GC Thread#1" [stack: 0x0000006bcce00000,0x0000006bccf00000] [id=19544]
  0x000001ad7d1f2e40 GCTaskThread "GC Thread#2" [stack: 0x0000006bccf00000,0x0000006bcd000000] [id=30976]
  0x000001ad7d1f6bf0 GCTaskThread "GC Thread#3" [stack: 0x0000006bcd000000,0x0000006bcd100000] [id=31400]
  0x000001ad7d24d770 GCTaskThread "GC Thread#4" [stack: 0x0000006bcd100000,0x0000006bcd200000] [id=26856]
  0x000001ad7d24da20 GCTaskThread "GC Thread#5" [stack: 0x0000006bcd200000,0x0000006bcd300000] [id=20392]
  0x000001ad7d24dcd0 GCTaskThread "GC Thread#6" [stack: 0x0000006bcd300000,0x0000006bcd400000] [id=20000]
  0x000001ad7d24df80 GCTaskThread "GC Thread#7" [stack: 0x0000006bcd400000,0x0000006bcd500000] [id=21040]
  0x000001ad67f78470 ConcurrentGCThread "G1 Main Marker" [stack: 0x0000006bcb900000,0x0000006bcba00000] [id=28708]
  0x000001ad67f7b3e0 ConcurrentGCThread "G1 Conc#0" [stack: 0x0000006bcba00000,0x0000006bcbb00000] [id=20844]
  0x000001ad7d185670 ConcurrentGCThread "G1 Conc#1" [stack: 0x0000006bcd800000,0x0000006bcd900000] [id=27580]
  0x000001ad67fe4a70 ConcurrentGCThread "G1 Refine#0" [stack: 0x0000006bcbb00000,0x0000006bcbc00000] [id=28472]
  0x000001ad7d24e230 ConcurrentGCThread "G1 Refine#1" [stack: 0x0000006bcd500000,0x0000006bcd600000] [id=29456]
  0x000001ad67fe5230 ConcurrentGCThread "G1 Service" [stack: 0x0000006bcbc00000,0x0000006bcbd00000] [id=17460]

Threads with active compile tasks:

VM state: synchronizing (normal execution)

VM Mutex/Monitor currently owned by a thread:  ([mutex/lock_event])
[0x000001ad67f24c30] Threads_lock - owner thread: 0x000001ad7bd9cf70

OutOfMemory and StackOverflow Exception counts:
OutOfMemoryError java_heap_errors=2
StackOverflowErrors=2
LinkageErrors=147

Heap address: 0x0000000082600000, size: 2010 MB, Compressed Oops mode: 32-bit

CDS archive(s) mapped at: [0x0000000800000000-0x0000000800bc0000-0x0000000800bc0000), size 12320768, SharedBaseAddress: 0x0000000800000000, ArchiveRelocationMode: 0.
Compressed class space mapped at: 0x0000000800c00000-0x0000000840c00000, reserved size: 1073741824
Narrow klass base: 0x0000000800000000, Narrow klass shift: 0, Narrow klass range: 0x100000000

GC Precious Log:
 CPUs: 8 total, 8 available
 Memory: 8038M
 Large Page Support: Disabled
 NUMA Support: Disabled
 Compressed Oops: Enabled (32-bit)
 Heap Region Size: 1M
 Heap Min Capacity: 8M
 Heap Initial Capacity: 126M
 Heap Max Capacity: 2010M
 Pre-touch: Disabled
 Parallel Workers: 8
 Concurrent Workers: 2
 Concurrent Refinement Workers: 8
 Periodic GC: Disabled

Heap:
 garbage-first heap   total 78848K, used 60983K [0x0000000082600000, 0x0000000100000000)
  region size 1024K, 42 young (43008K), 0 survivors (0K)
 Metaspace       used 50490K, committed 51200K, reserved 1097728K
  class space    used 7081K, committed 7360K, reserved 1048576K

Heap Regions: E=young(eden), S=young(survivor), O=old, HS=humongous(starts), HC=humongous(continues), CS=collection set, F=free, OA=open archive, CA=closed archive, TAMS=top-at-mark-start (previous, next)
|   0|0x0000000082600000, 0x0000000082700000, 0x0000000082700000|100%|HS|  |TAMS 0x0000000082700000, 0x0000000082600000| Untracked 
|   1|0x0000000082700000, 0x0000000082800000, 0x0000000082800000|100%| O|  |TAMS 0x0000000082800000, 0x0000000082700000| Untracked 
|   2|0x0000000082800000, 0x0000000082900000, 0x0000000082900000|100%| O|  |TAMS 0x0000000082900000, 0x0000000082800000| Untracked 
|   3|0x0000000082900000, 0x00000000829ffff8, 0x0000000082a00000| 99%| O|  |TAMS 0x00000000829ffff8, 0x0000000082900000| Untracked 
|   4|0x0000000082a00000, 0x0000000082affff8, 0x0000000082b00000| 99%| O|  |TAMS 0x0000000082affff8, 0x0000000082a00000| Untracked 
|   5|0x0000000082b00000, 0x0000000082bffff8, 0x0000000082c00000| 99%| O|  |TAMS 0x0000000082bffff8, 0x0000000082b00000| Untracked 
|   6|0x0000000082c00000, 0x0000000082cfffc0, 0x0000000082d00000| 99%| O|  |TAMS 0x0000000082cfffc0, 0x0000000082c00000| Untracked 
|   7|0x0000000082d00000, 0x0000000082dffff0, 0x0000000082e00000| 99%| O|  |TAMS 0x0000000082dffff0, 0x0000000082d00000| Untracked 
|   8|0x0000000082e00000, 0x0000000082efffe8, 0x0000000082f00000| 99%| O|  |TAMS 0x0000000082efffe8, 0x0000000082e00000| Untracked 
|   9|0x0000000082f00000, 0x0000000082fffff0, 0x0000000083000000| 99%| O|  |TAMS 0x0000000082fffff0, 0x0000000082f00000| Untracked 
|  10|0x0000000083000000, 0x00000000830ffff8, 0x0000000083100000| 99%| O|  |TAMS 0x00000000830ffff8, 0x0000000083000000| Untracked 
|  11|0x0000000083100000, 0x00000000831fffe8, 0x0000000083200000| 99%| O|  |TAMS 0x00000000831fffe8, 0x0000000083100000| Untracked 
|  12|0x0000000083200000, 0x0000000083300000, 0x0000000083300000|100%| O|  |TAMS 0x0000000083200000, 0x0000000083200000| Untracked 
|  13|0x0000000083300000, 0x00000000833ffff8, 0x0000000083400000| 99%| O|  |TAMS 0x00000000833ffff8, 0x0000000083300000| Untracked 
|  14|0x0000000083400000, 0x00000000834ffff8, 0x0000000083500000| 99%| O|  |TAMS 0x00000000834ffff8, 0x0000000083400000| Untracked 
|  15|0x0000000083500000, 0x00000000835fffe0, 0x0000000083600000| 99%| O|  |TAMS 0x0000000083500000, 0x0000000083500000| Untracked 
|  16|0x0000000083600000, 0x00000000836fffe8, 0x0000000083700000| 99%| O|  |TAMS 0x0000000083600000, 0x0000000083600000| Untracked 
|  17|0x0000000083700000, 0x00000000837ffff8, 0x0000000083800000| 99%| O|  |TAMS 0x0000000083700000, 0x0000000083700000| Untracked 
|  18|0x0000000083800000, 0x000000008386a548, 0x0000000083900000| 41%| O|  |TAMS 0x0000000083800000, 0x0000000083800000| Untracked 
|  19|0x0000000083900000, 0x000000008396fa80, 0x0000000083a00000| 43%| O|  |TAMS 0x0000000083900000, 0x0000000083900000| Untracked 
|  20|0x0000000083a00000, 0x0000000083a26c38, 0x0000000083b00000| 15%| O|  |TAMS 0x0000000083a00000, 0x0000000083a00000| Untracked 
|  21|0x0000000083b00000, 0x0000000083b00000, 0x0000000083c00000|  0%| F|  |TAMS 0x0000000083b00000, 0x0000000083b00000| Untracked 
|  22|0x0000000083c00000, 0x0000000083c00000, 0x0000000083d00000|  0%| F|  |TAMS 0x0000000083c00000, 0x0000000083c00000| Untracked 
|  23|0x0000000083d00000, 0x0000000083d8d498, 0x0000000083e00000| 55%| O|  |TAMS 0x0000000083d00000, 0x0000000083d00000| Untracked 
|  24|0x0000000083e00000, 0x0000000083e00000, 0x0000000083f00000|  0%| F|  |TAMS 0x0000000083e00000, 0x0000000083e00000| Untracked 
|  25|0x0000000083f00000, 0x0000000083f00000, 0x0000000084000000|  0%| F|  |TAMS 0x0000000083f00000, 0x0000000083f00000| Untracked 
|  26|0x0000000084000000, 0x0000000084000000, 0x0000000084100000|  0%| F|  |TAMS 0x0000000084000000, 0x0000000084000000| Untracked 
|  27|0x0000000084100000, 0x0000000084100000, 0x0000000084200000|  0%| F|  |TAMS 0x0000000084100000, 0x0000000084100000| Untracked 
|  28|0x0000000084200000, 0x0000000084200000, 0x0000000084300000|  0%| F|  |TAMS 0x0000000084200000, 0x0000000084200000| Untracked 
|  29|0x0000000084300000, 0x0000000084300000, 0x0000000084400000|  0%| F|  |TAMS 0x0000000084300000, 0x0000000084300000| Untracked 
|  30|0x0000000084400000, 0x0000000084400000, 0x0000000084500000|  0%| F|  |TAMS 0x0000000084400000, 0x0000000084400000| Untracked 
|  31|0x0000000084500000, 0x0000000084500020, 0x0000000084600000|  0%| O|  |TAMS 0x0000000084500000, 0x0000000084500000| Untracked 
|  32|0x0000000084600000, 0x0000000084600000, 0x0000000084700000|  0%| F|  |TAMS 0x0000000084600000, 0x0000000084600000| Untracked 
|  33|0x0000000084700000, 0x0000000084700000, 0x0000000084800000|  0%| F|  |TAMS 0x0000000084700000, 0x0000000084700000| Untracked 
|  34|0x0000000084800000, 0x0000000084800000, 0x0000000084900000|  0%| F|  |TAMS 0x0000000084800000, 0x0000000084800000| Untracked 
|  35|0x0000000084900000, 0x00000000849e3338, 0x0000000084a00000| 88%| E|  |TAMS 0x0000000084900000, 0x0000000084900000| Complete 
|  36|0x0000000084a00000, 0x0000000084b00000, 0x0000000084b00000|100%| E|CS|TAMS 0x0000000084a00000, 0x0000000084a00000| Complete 
|  37|0x0000000084b00000, 0x0000000084c00000, 0x0000000084c00000|100%| E|CS|TAMS 0x0000000084b00000, 0x0000000084b00000| Complete 
|  38|0x0000000084c00000, 0x0000000084d00000, 0x0000000084d00000|100%| E|CS|TAMS 0x0000000084c00000, 0x0000000084c00000| Complete 
|  39|0x0000000084d00000, 0x0000000084e00000, 0x0000000084e00000|100%| E|  |TAMS 0x0000000084d00000, 0x0000000084d00000| Complete 
|  40|0x0000000084e00000, 0x0000000084f00000, 0x0000000084f00000|100%| E|CS|TAMS 0x0000000084e00000, 0x0000000084e00000| Complete 
|  41|0x0000000084f00000, 0x0000000085000000, 0x0000000085000000|100%| E|CS|TAMS 0x0000000084f00000, 0x0000000084f00000| Complete 
|  42|0x0000000085000000, 0x0000000085100000, 0x0000000085100000|100%| E|CS|TAMS 0x0000000085000000, 0x0000000085000000| Complete 
|  43|0x0000000085100000, 0x0000000085200000, 0x0000000085200000|100%| E|CS|TAMS 0x0000000085100000, 0x0000000085100000| Complete 
|  44|0x0000000085200000, 0x0000000085300000, 0x0000000085300000|100%| E|CS|TAMS 0x0000000085200000, 0x0000000085200000| Complete 
|  45|0x0000000085300000, 0x0000000085400000, 0x0000000085400000|100%| E|CS|TAMS 0x0000000085300000, 0x0000000085300000| Complete 
|  46|0x0000000085400000, 0x0000000085500000, 0x0000000085500000|100%| E|CS|TAMS 0x0000000085400000, 0x0000000085400000| Complete 
|  47|0x0000000085500000, 0x0000000085600000, 0x0000000085600000|100%| E|CS|TAMS 0x0000000085500000, 0x0000000085500000| Complete 
|  48|0x0000000085600000, 0x0000000085700000, 0x0000000085700000|100%| E|CS|TAMS 0x0000000085600000, 0x0000000085600000| Complete 
|  49|0x0000000085700000, 0x0000000085800000, 0x0000000085800000|100%| E|CS|TAMS 0x0000000085700000, 0x0000000085700000| Complete 
|  50|0x0000000085800000, 0x0000000085900000, 0x0000000085900000|100%| E|CS|TAMS 0x0000000085800000, 0x0000000085800000| Complete 
|  51|0x0000000085900000, 0x0000000085a00000, 0x0000000085a00000|100%| E|CS|TAMS 0x0000000085900000, 0x0000000085900000| Complete 
|  52|0x0000000085a00000, 0x0000000085b00000, 0x0000000085b00000|100%| E|CS|TAMS 0x0000000085a00000, 0x0000000085a00000| Complete 
|  53|0x0000000085b00000, 0x0000000085c00000, 0x0000000085c00000|100%| E|CS|TAMS 0x0000000085b00000, 0x0000000085b00000| Complete 
|  54|0x0000000085c00000, 0x0000000085d00000, 0x0000000085d00000|100%| E|CS|TAMS 0x0000000085c00000, 0x0000000085c00000| Complete 
|  55|0x0000000085d00000, 0x0000000085e00000, 0x0000000085e00000|100%| E|CS|TAMS 0x0000000085d00000, 0x0000000085d00000| Complete 
|  56|0x0000000085e00000, 0x0000000085f00000, 0x0000000085f00000|100%| E|CS|TAMS 0x0000000085e00000, 0x0000000085e00000| Complete 
|  57|0x0000000085f00000, 0x0000000086000000, 0x0000000086000000|100%| E|CS|TAMS 0x0000000085f00000, 0x0000000085f00000| Complete 
|  58|0x0000000086000000, 0x0000000086100000, 0x0000000086100000|100%| E|CS|TAMS 0x0000000086000000, 0x0000000086000000| Complete 
|  59|0x0000000086100000, 0x0000000086200000, 0x0000000086200000|100%| E|CS|TAMS 0x0000000086100000, 0x0000000086100000| Complete 
|  60|0x0000000086200000, 0x0000000086300000, 0x0000000086300000|100%| E|CS|TAMS 0x0000000086200000, 0x0000000086200000| Complete 
|  61|0x0000000086300000, 0x0000000086400000, 0x0000000086400000|100%| E|CS|TAMS 0x0000000086300000, 0x0000000086300000| Complete 
|  62|0x0000000086400000, 0x0000000086500000, 0x0000000086500000|100%| E|CS|TAMS 0x0000000086400000, 0x0000000086400000| Complete 
|  63|0x0000000086500000, 0x0000000086600000, 0x0000000086600000|100%| E|CS|TAMS 0x0000000086500000, 0x0000000086500000| Complete 
|  64|0x0000000086600000, 0x0000000086700000, 0x0000000086700000|100%| E|CS|TAMS 0x0000000086600000, 0x0000000086600000| Complete 
|  65|0x0000000086700000, 0x0000000086800000, 0x0000000086800000|100%| E|CS|TAMS 0x0000000086700000, 0x0000000086700000| Complete 
|  66|0x0000000086800000, 0x0000000086900000, 0x0000000086900000|100%| E|CS|TAMS 0x0000000086800000, 0x0000000086800000| Complete 
|  67|0x0000000086900000, 0x0000000086a00000, 0x0000000086a00000|100%| E|CS|TAMS 0x0000000086900000, 0x0000000086900000| Complete 
|  68|0x0000000086a00000, 0x0000000086b00000, 0x0000000086b00000|100%| E|CS|TAMS 0x0000000086a00000, 0x0000000086a00000| Complete 
|  69|0x0000000086b00000, 0x0000000086c00000, 0x0000000086c00000|100%| E|CS|TAMS 0x0000000086b00000, 0x0000000086b00000| Complete 
|  70|0x0000000086c00000, 0x0000000086d00000, 0x0000000086d00000|100%| E|CS|TAMS 0x0000000086c00000, 0x0000000086c00000| Complete 
|  71|0x0000000086d00000, 0x0000000086e00000, 0x0000000086e00000|100%| E|CS|TAMS 0x0000000086d00000, 0x0000000086d00000| Complete 
|  72|0x0000000086e00000, 0x0000000086f00000, 0x0000000086f00000|100%| E|CS|TAMS 0x0000000086e00000, 0x0000000086e00000| Complete 
|  73|0x0000000086f00000, 0x0000000087000000, 0x0000000087000000|100%| E|CS|TAMS 0x0000000086f00000, 0x0000000086f00000| Complete 
|  74|0x0000000087000000, 0x0000000087100000, 0x0000000087100000|100%| E|CS|TAMS 0x0000000087000000, 0x0000000087000000| Complete 
|  75|0x0000000087100000, 0x0000000087200000, 0x0000000087200000|100%| E|CS|TAMS 0x0000000087100000, 0x0000000087100000| Complete 
|  76|0x0000000087200000, 0x0000000087300000, 0x0000000087300000|100%| E|CS|TAMS 0x0000000087200000, 0x0000000087200000| Complete 

Card table byte_map: [0x000001ad74c60000,0x000001ad75050000] _byte_map_base: 0x000001ad7484d000

Marking Bits (Prev, Next): (CMBitMap*) 0x000001ad67f67ee0, (CMBitMap*) 0x000001ad67f67ea0
 Prev Bits: [0x000001ad773b0000, 0x000001ad79318000)
 Next Bits: [0x000001ad75440000, 0x000001ad773a8000)

Polling page: 0x000001ad67ff0000

Metaspace:

Usage:
  Non-class:     42.39 MB used.
      Class:      6.92 MB used.
       Both:     49.31 MB used.

Virtual space:
  Non-class space:       48.00 MB reserved,      42.81 MB ( 89%) committed,  6 nodes.
      Class space:        1.00 GB reserved,       7.19 MB ( <1%) committed,  1 nodes.
             Both:        1.05 GB reserved,      50.00 MB (  5%) committed. 

Chunk freelists:
   Non-Class:  974.00 KB
       Class:  873.00 KB
        Both:  1.80 MB

MaxMetaspaceSize: unlimited
CompressedClassSpaceSize: 1.00 GB
Initial GC threshold: 21.00 MB
Current GC threshold: 83.38 MB
CDS: on
MetaspaceReclaimPolicy: balanced
 - commit_granule_bytes: 65536.
 - commit_granule_words: 8192.
 - virtual_space_node_default_size: 1048576.
 - enlarge_chunks_in_place: 1.
 - new_chunks_are_fully_committed: 0.
 - uncommit_free_chunks: 1.
 - use_allocation_guard: 0.
 - handle_deallocations: 1.


Internal statistics:

num_allocs_failed_limit: 9.
num_arena_births: 910.
num_arena_deaths: 200.
num_vsnodes_births: 7.
num_vsnodes_deaths: 0.
num_space_committed: 802.
num_space_uncommitted: 2.
num_chunks_returned_to_freelist: 342.
num_chunks_taken_from_freelist: 2951.
num_chunk_merges: 60.
num_chunk_splits: 1815.
num_chunks_enlarged: 1261.
num_purges: 12.
num_inconsistent_stats: 0.

CodeCache: size=49152Kb used=15464Kb max_used=16342Kb free=33687Kb
 bounds [0x000001ad70f80000, 0x000001ad71f90000, 0x000001ad73f80000]
 total_blobs=8884 nmethods=8284 adapters=525
 compilation: enabled
              stopped_count=0, restarted_count=0
 full_count=0

Compilation events (20 events):
Event: 35172.813 Thread 0x000001ad0124da30 8306       1       java.lang.StringBuilder::insert (9 bytes)
Event: 35172.813 Thread 0x000001ad7bdbbbb0 8307       1       java.lang.AbstractStringBuilder::insert (54 bytes)
Event: 35172.814 Thread 0x000001ad0124da30 nmethod 8306 0x000001ad71cc6110 code [0x000001ad71cc62a0, 0x000001ad71cc6388]
Event: 35172.814 Thread 0x000001ad0124da30 8308       1       java.lang.String::checkOffset (48 bytes)
Event: 35172.815 Thread 0x000001ad7bdbbbb0 nmethod 8307 0x000001ad71cc5b90 code [0x000001ad71cc5d60, 0x000001ad71cc5f78]
Event: 35172.816 Thread 0x000001ad0124da30 nmethod 8308 0x000001ad71cc5390 code [0x000001ad71cc55a0, 0x000001ad71cc5978]
Event: 35172.824 Thread 0x000001ad0124da30 8309       1       org.springframework.boot.context.properties.PropertyMapper$Source$$Lambda$654/0x0000000800f78250::get (16 bytes)
Event: 35172.824 Thread 0x000001ad7bdbbbb0 8310       1       org.springframework.boot.context.properties.PropertyMapper$Source::lambda$as$2 (33 bytes)
Event: 35172.825 Thread 0x000001ad7bdbbbb0 nmethod 8310 0x000001ad71cc4f10 code [0x000001ad71cc50e0, 0x000001ad71cc52a8]
Event: 35172.830 Thread 0x000001ad0124da30 nmethod 8309 0x000001ad71cc4a10 code [0x000001ad71cc4be0, 0x000001ad71cc4dc8]
Event: 35172.933 Thread 0x000001ad7bdbbbb0 8311   !   1       org.springframework.beans.factory.support.RootBeanDefinition::hasAnyExternallyManagedInitMethod (108 bytes)
Event: 35172.933 Thread 0x000001ad0124da30 8312   !   1       org.springframework.beans.factory.support.RootBeanDefinition::isExternallyManagedInitMethod (40 bytes)
Event: 35172.934 Thread 0x000001ad0124da30 nmethod 8312 0x000001ad71cc4510 code [0x000001ad71cc46c0, 0x000001ad71cc48c8]
Event: 35172.936 Thread 0x000001ad7bdbbbb0 nmethod 8311 0x000001ad71cc3a10 code [0x000001ad71cc3c20, 0x000001ad71cc40f8]
Event: 35172.972 Thread 0x000001ad7bdbbbb0 8313       1       java.util.logging.LogManager$LoggerWeakRef::<init> (28 bytes)
Event: 35172.982 Thread 0x000001ad7bdbbbb0 nmethod 8313 0x000001ad71cc3510 code [0x000001ad71cc36c0, 0x000001ad71cc3918]
Event: 35173.057 Thread 0x000001ad0124da30 8314       1       java.util.Collections$UnmodifiableCollection::stream (10 bytes)
Event: 35173.057 Thread 0x000001ad0124da30 nmethod 8314 0x000001ad71cc3210 code [0x000001ad71cc33a0, 0x000001ad71cc3488]
Event: 35173.084 Thread 0x000001ad0124da30 8315       1       org.springframework.core.annotation.OrderUtils::findOrder (62 bytes)
Event: 35173.087 Thread 0x000001ad0124da30 nmethod 8315 0x000001ad71cc2890 code [0x000001ad71cc2ac0, 0x000001ad71cc2f78]

GC Heap History (20 events):
Event: 9372.719 GC heap before
{Heap before GC invocations=37 (full 5):
 garbage-first heap   total 81920K, used 65458K [0x0000000082600000, 0x0000000100000000)
  region size 1024K, 38 young (38912K), 2 survivors (2048K)
 Metaspace       used 50413K, committed 51136K, reserved 1097728K
  class space    used 7063K, committed 7296K, reserved 1048576K
}
Event: 9372.733 GC heap after
{Heap after GC invocations=38 (full 5):
 garbage-first heap   total 81920K, used 28560K [0x0000000082600000, 0x0000000100000000)
  region size 1024K, 2 young (2048K), 2 survivors (2048K)
 Metaspace       used 50413K, committed 51136K, reserved 1097728K
  class space    used 7063K, committed 7296K, reserved 1048576K
}
Event: 9848.509 GC heap before
{Heap before GC invocations=38 (full 5):
 garbage-first heap   total 81920K, used 66448K [0x0000000082600000, 0x0000000100000000)
  region size 1024K, 39 young (39936K), 2 survivors (2048K)
 Metaspace       used 50413K, committed 51136K, reserved 1097728K
  class space    used 7063K, committed 7296K, reserved 1048576K
}
Event: 9848.524 GC heap after
{Heap after GC invocations=39 (full 5):
 garbage-first heap   total 81920K, used 28560K [0x0000000082600000, 0x0000000100000000)
  region size 1024K, 2 young (2048K), 2 survivors (2048K)
 Metaspace       used 50413K, committed 51136K, reserved 1097728K
  class space    used 7063K, committed 7296K, reserved 1048576K
}
Event: 10337.410 GC heap before
{Heap before GC invocations=39 (full 5):
 garbage-first heap   total 81920K, used 67472K [0x0000000082600000, 0x0000000100000000)
  region size 1024K, 40 young (40960K), 2 survivors (2048K)
 Metaspace       used 50413K, committed 51136K, reserved 1097728K
  class space    used 7063K, committed 7296K, reserved 1048576K
}
Event: 10337.422 GC heap after
{Heap after GC invocations=40 (full 5):
 garbage-first heap   total 81920K, used 28537K [0x0000000082600000, 0x0000000100000000)
  region size 1024K, 2 young (2048K), 2 survivors (2048K)
 Metaspace       used 50413K, committed 51136K, reserved 1097728K
  class space    used 7063K, committed 7296K, reserved 1048576K
}
Event: 18061.794 GC heap before
{Heap before GC invocations=40 (full 5):
 garbage-first heap   total 81920K, used 67449K [0x0000000082600000, 0x0000000100000000)
  region size 1024K, 40 young (40960K), 2 survivors (2048K)
 Metaspace       used 50413K, committed 51136K, reserved 1097728K
  class space    used 7063K, committed 7296K, reserved 1048576K
}
Event: 18061.803 GC heap after
{Heap after GC invocations=41 (full 5):
 garbage-first heap   total 81920K, used 28741K [0x0000000082600000, 0x0000000100000000)
  region size 1024K, 2 young (2048K), 2 survivors (2048K)
 Metaspace       used 50413K, committed 51136K, reserved 1097728K
  class space    used 7063K, committed 7296K, reserved 1048576K
}
Event: 18551.903 GC heap before
{Heap before GC invocations=41 (full 5):
 garbage-first heap   total 81920K, used 67653K [0x0000000082600000, 0x0000000100000000)
  region size 1024K, 40 young (40960K), 2 survivors (2048K)
 Metaspace       used 50413K, committed 51136K, reserved 1097728K
  class space    used 7063K, committed 7296K, reserved 1048576K
}
Event: 18551.911 GC heap after
{Heap after GC invocations=42 (full 5):
 garbage-first heap   total 81920K, used 28614K [0x0000000082600000, 0x0000000100000000)
  region size 1024K, 2 young (2048K), 2 survivors (2048K)
 Metaspace       used 50413K, committed 51136K, reserved 1097728K
  class space    used 7063K, committed 7296K, reserved 1048576K
}
Event: 19056.364 GC heap before
{Heap before GC invocations=42 (full 5):
 garbage-first heap   total 81920K, used 68550K [0x0000000082600000, 0x0000000100000000)
  region size 1024K, 41 young (41984K), 2 survivors (2048K)
 Metaspace       used 50413K, committed 51136K, reserved 1097728K
  class space    used 7063K, committed 7296K, reserved 1048576K
}
Event: 19056.377 GC heap after
{Heap after GC invocations=43 (full 5):
 garbage-first heap   total 81920K, used 28563K [0x0000000082600000, 0x0000000100000000)
  region size 1024K, 2 young (2048K), 2 survivors (2048K)
 Metaspace       used 50413K, committed 51136K, reserved 1097728K
  class space    used 7063K, committed 7296K, reserved 1048576K
}
Event: 26797.743 GC heap before
{Heap before GC invocations=43 (full 5):
 garbage-first heap   total 81920K, used 68499K [0x0000000082600000, 0x0000000100000000)
  region size 1024K, 41 young (41984K), 2 survivors (2048K)
 Metaspace       used 50413K, committed 51136K, reserved 1097728K
  class space    used 7063K, committed 7296K, reserved 1048576K
}
Event: 26797.753 GC heap after
{Heap after GC invocations=44 (full 5):
 garbage-first heap   total 81920K, used 28739K [0x0000000082600000, 0x0000000100000000)
  region size 1024K, 2 young (2048K), 2 survivors (2048K)
 Metaspace       used 50413K, committed 51136K, reserved 1097728K
  class space    used 7063K, committed 7296K, reserved 1048576K
}
Event: 27301.952 GC heap before
{Heap before GC invocations=44 (full 5):
 garbage-first heap   total 81920K, used 68675K [0x0000000082600000, 0x0000000100000000)
  region size 1024K, 41 young (41984K), 2 survivors (2048K)
 Metaspace       used 50413K, committed 51136K, reserved 1097728K
  class space    used 7063K, committed 7296K, reserved 1048576K
}
Event: 27301.959 GC heap after
{Heap after GC invocations=45 (full 5):
 garbage-first heap   total 81920K, used 28568K [0x0000000082600000, 0x0000000100000000)
  region size 1024K, 2 young (2048K), 2 survivors (2048K)
 Metaspace       used 50413K, committed 51136K, reserved 1097728K
  class space    used 7063K, committed 7296K, reserved 1048576K
}
Event: 35043.804 GC heap before
{Heap before GC invocations=45 (full 5):
 garbage-first heap   total 81920K, used 68504K [0x0000000082600000, 0x0000000100000000)
  region size 1024K, 41 young (41984K), 2 survivors (2048K)
 Metaspace       used 50413K, committed 51136K, reserved 1097728K
  class space    used 7063K, committed 7296K, reserved 1048576K
}
Event: 35043.900 GC heap after
{Heap after GC invocations=46 (full 5):
 garbage-first heap   total 81920K, used 28686K [0x0000000082600000, 0x0000000100000000)
  region size 1024K, 2 young (2048K), 2 survivors (2048K)
 Metaspace       used 50413K, committed 51136K, reserved 1097728K
  class space    used 7063K, committed 7296K, reserved 1048576K
}
Event: 35167.228 GC heap before
{Heap before GC invocations=46 (full 5):
 garbage-first heap   total 81920K, used 37902K [0x0000000082600000, 0x0000000100000000)
  region size 1024K, 12 young (12288K), 2 survivors (2048K)
 Metaspace       used 50416K, committed 51136K, reserved 1097728K
  class space    used 7064K, committed 7296K, reserved 1048576K
}
Event: 35167.911 GC heap after
{Heap after GC invocations=47 (full 6):
 garbage-first heap   total 78848K, used 20023K [0x0000000082600000, 0x0000000100000000)
  region size 1024K, 0 young (0K), 0 survivors (0K)
 Metaspace       used 50370K, committed 51136K, reserved 1097728K
  class space    used 7054K, committed 7296K, reserved 1048576K
}

Deoptimization events (20 events):
Event: 0.846 Thread 0x000001ad67f27850 DEOPT PACKING pc=0x000001ad711f1805 sp=0x0000006bcb7fde20
Event: 0.846 Thread 0x000001ad67f27850 DEOPT UNPACKING pc=0x000001ad70fd2b43 sp=0x0000006bcb7fd380 mode 3
Event: 2.447 Thread 0x000001ad67f27850 DEOPT PACKING pc=0x000001ad7126bbf5 sp=0x0000006bcb7fd5d0
Event: 2.447 Thread 0x000001ad67f27850 DEOPT UNPACKING pc=0x000001ad70fd2b43 sp=0x0000006bcb7fca28 mode 3
Event: 4.276 Thread 0x000001ad7d255fc0 DEOPT PACKING pc=0x000001ad71536a19 sp=0x0000006bcd7fc7a0
Event: 4.276 Thread 0x000001ad7d255fc0 DEOPT UNPACKING pc=0x000001ad70fd2b43 sp=0x0000006bcd7fbc80 mode 3
Event: 7.019 Thread 0x000001ad7d255fc0 DEOPT PACKING pc=0x000001ad71545724 sp=0x0000006bcd7fcc70
Event: 7.019 Thread 0x000001ad7d255fc0 DEOPT UNPACKING pc=0x000001ad70fd2b43 sp=0x0000006bcd7fc1c8 mode 0
Event: 7.871 Thread 0x000001ad7d255fc0 DEOPT PACKING pc=0x000001ad71740175 sp=0x0000006bcd7fc270
Event: 7.871 Thread 0x000001ad7d255fc0 DEOPT UNPACKING pc=0x000001ad70fd2b43 sp=0x0000006bcd7fb6e0 mode 3
Event: 9.678 Thread 0x000001ad7d255fc0 DEOPT PACKING pc=0x000001ad718112dd sp=0x0000006bcd7fc900
Event: 9.678 Thread 0x000001ad7d255fc0 DEOPT UNPACKING pc=0x000001ad70fd2b43 sp=0x0000006bcd7fbe68 mode 3
Event: 10.473 Thread 0x000001ad7d255fc0 DEOPT PACKING pc=0x000001ad7153c881 sp=0x0000006bcd7fdcb0
Event: 10.473 Thread 0x000001ad7d255fc0 DEOPT UNPACKING pc=0x000001ad70fd2b43 sp=0x0000006bcd7fd140 mode 3
Event: 10.474 Thread 0x000001ad7edb34e0 DEOPT PACKING pc=0x000001ad714be817 sp=0x0000006bcdafedb0
Event: 10.474 Thread 0x000001ad7edb34e0 DEOPT UNPACKING pc=0x000001ad70fd2b43 sp=0x0000006bcdafe208 mode 3
Event: 14.961 Thread 0x000001ad7d255fc0 DEOPT PACKING pc=0x000001ad71791419 sp=0x0000006bcd7fab50
Event: 14.961 Thread 0x000001ad7d255fc0 DEOPT UNPACKING pc=0x000001ad70fd2b43 sp=0x0000006bcd7fa030 mode 3
Event: 15.220 Thread 0x000001ad7d255fc0 DEOPT PACKING pc=0x000001ad7156e7a2 sp=0x0000006bcd7fb7e0
Event: 15.220 Thread 0x000001ad7d255fc0 DEOPT UNPACKING pc=0x000001ad70fd2b43 sp=0x0000006bcd7face8 mode 3

Classes unloaded (20 events):
Event: 469.052 Thread 0x000001ad7bd9cf70 Unloading class 0x0000000801316208 'com/example/ssn_api/forex/ForexController'
Event: 469.052 Thread 0x000001ad7bd9cf70 Unloading class 0x0000000801316000 'com/example/ssn_api/SsnApiApplication'
Event: 35167.371 Thread 0x000001ad7bd9cf70 Unloading class 0x000000080130b400 'jdk/internal/reflect/GeneratedConstructorAccessor74'
Event: 35167.372 Thread 0x000001ad7bd9cf70 Unloading class 0x000000080130a800 'jdk/internal/reflect/GeneratedSerializationConstructorAccessor9'
Event: 35167.372 Thread 0x000001ad7bd9cf70 Unloading class 0x000000080130a400 'jdk/internal/reflect/GeneratedMethodAccessor160'
Event: 35167.372 Thread 0x000001ad7bd9cf70 Unloading class 0x000000080130a000 'jdk/internal/reflect/GeneratedMethodAccessor159'
Event: 35167.372 Thread 0x000001ad7bd9cf70 Unloading class 0x0000000801317c00 'jdk/internal/reflect/GeneratedMethodAccessor158'
Event: 35167.372 Thread 0x000001ad7bd9cf70 Unloading class 0x0000000801317800 'jdk/internal/reflect/GeneratedMethodAccessor157'
Event: 35167.372 Thread 0x000001ad7bd9cf70 Unloading class 0x0000000801316c00 'jdk/internal/reflect/GeneratedConstructorAccessor73'
Event: 35167.372 Thread 0x000001ad7bd9cf70 Unloading class 0x0000000801316800 'jdk/internal/reflect/GeneratedConstructorAccessor72'
Event: 35167.372 Thread 0x000001ad7bd9cf70 Unloading class 0x0000000801319000 'jdk/internal/reflect/GeneratedMethodAccessor151'
Event: 35167.372 Thread 0x000001ad7bd9cf70 Unloading class 0x0000000800d75400 'jdk/internal/reflect/GeneratedMethodAccessor150'
Event: 35167.373 Thread 0x000001ad7bd9cf70 Unloading class 0x00000008012ed000 'jdk/internal/reflect/GeneratedMethodAccessor148'
Event: 35167.373 Thread 0x000001ad7bd9cf70 Unloading class 0x00000008012edc00 'org/apache/catalina/loader/JdbcLeakPrevention'
Event: 35167.374 Thread 0x000001ad7bd9cf70 Unloading class 0x0000000801270000 'jdk/internal/reflect/GeneratedConstructorAccessor64'
Event: 35167.376 Thread 0x000001ad7bd9cf70 Unloading class 0x00000008012eec00 'jdk/internal/reflect/GeneratedConstructorAccessor63'
Event: 35167.376 Thread 0x000001ad7bd9cf70 Unloading class 0x00000008012ef000 'jdk/internal/reflect/GeneratedConstructorAccessor62'
Event: 35167.377 Thread 0x000001ad7bd9cf70 Unloading class 0x00000008012f0400 'jdk/internal/reflect/GeneratedConstructorAccessor61'
Event: 35167.377 Thread 0x000001ad7bd9cf70 Unloading class 0x0000000801309c00 'jdk/internal/reflect/GeneratedConstructorAccessor60'
Event: 35167.377 Thread 0x000001ad7bd9cf70 Unloading class 0x0000000801315000 'jdk/internal/reflect/GeneratedMethodAccessor111'

Classes redefined (0 events):
No events

Internal exceptions (20 events):
Event: 35133.232 Thread 0x000001ad7ee19210 StackOverflowError at 0x000001ad71812de0
Event: 35133.253 Thread 0x000001ad7ee19210 Exception <a 'java/lang/StackOverflowError'{0x0000000086f91b98}> (0x0000000086f91b98) 
thrown [t:\workspace\open\src\hotspot\share\runtime\sharedRuntime.cpp, line 628]
Event: 35166.693 Thread 0x000001ad01152be0 Exception <a 'java/lang/InterruptedException'{0x0000000086c00040}: sleep interrupted> (0x0000000086c00040) 
thrown [t:\workspace\open\src\hotspot\share\prims\jvm.cpp, line 3067]
Event: 35166.871 Thread 0x000001ad7ee1c230 Exception <a 'java/lang/InterruptedException'{0x0000000086e34820}: sleep interrupted> (0x0000000086e34820) 
thrown [t:\workspace\open\src\hotspot\share\prims\jvm.cpp, line 3067]
Event: 35168.121 Thread 0x000001ad7ee196e0 Exception <a 'sun/nio/fs/WindowsException'{0x00000000871a8028}> (0x00000000871a8028) 
thrown [t:\workspace\open\src\hotspot\share\prims\jni.cpp, line 516]
Event: 35170.614 Thread 0x000001ad7ee196e0 Exception <a 'java/lang/NoClassDefFoundError'{0x00000000857ae360}: org/flywaydb/core/Flyway> (0x00000000857ae360) 
thrown [t:\workspace\open\src\hotspot\share\oops\constantPool.cpp, line 835]
Event: 35170.614 Thread 0x000001ad7ee196e0 Exception <a 'java/lang/NoClassDefFoundError'{0x00000000857ae9b0}: liquibase/integration/spring/SpringLiquibase> (0x00000000857ae9b0) 
thrown [t:\workspace\open\src\hotspot\share\oops\constantPool.cpp, line 835]
Event: 35170.639 Thread 0x000001ad7ee196e0 Exception <a 'java/lang/NoClassDefFoundError'{0x0000000085629a70}: org/jooq/DSLContext> (0x0000000085629a70) 
thrown [t:\workspace\open\src\hotspot\share\oops\constantPool.cpp, line 835]
Event: 35170.641 Thread 0x000001ad7ee196e0 Exception <a 'java/lang/NoClassDefFoundError'{0x0000000085635580}: org/springframework/batch/core/repository/JobRepository> (0x0000000085635580) 
thrown [t:\workspace\open\src\hotspot\share\oops\constantPool.cpp, line 835]
Event: 35170.642 Thread 0x000001ad7ee196e0 Exception <a 'java/lang/NoClassDefFoundError'{0x0000000085640260}: org/springframework/session/jdbc/JdbcIndexedSessionRepository> (0x0000000085640260) 
thrown [t:\workspace\open\src\hotspot\share\oops\constantPool.cpp, line 835]
Event: 35171.713 Thread 0x000001ad7ee196e0 Exception <a 'sun/nio/fs/WindowsException'{0x0000000084c45370}> (0x0000000084c45370) 
thrown [t:\workspace\open\src\hotspot\share\prims\jni.cpp, line 516]
Event: 35171.728 Thread 0x000001ad7ee196e0 Exception <a 'sun/nio/fs/WindowsException'{0x0000000084c45a70}> (0x0000000084c45a70) 
thrown [t:\workspace\open\src\hotspot\share\prims\jni.cpp, line 516]
Event: 35171.745 Thread 0x000001ad7ee196e0 Exception <a 'sun/nio/fs/WindowsException'{0x0000000084c46150}> (0x0000000084c46150) 
thrown [t:\workspace\open\src\hotspot\share\prims\jni.cpp, line 516]
Event: 35172.689 Thread 0x000001ad7ee196e0 Exception <a 'java/io/FileNotFoundException'{0x0000000084c8a420}> (0x0000000084c8a420) 
thrown [t:\workspace\open\src\hotspot\share\prims\jni.cpp, line 516]
Event: 35172.974 Thread 0x000001ad7ee196e0 Exception <a 'java/io/FileNotFoundException'{0x0000000084922cc0}> (0x0000000084922cc0) 
thrown [t:\workspace\open\src\hotspot\share\prims\jni.cpp, line 516]
Event: 35173.032 Thread 0x000001ad7ee196e0 Exception <a 'java/lang/OutOfMemoryError'{0x000000008492c3e8}: unable to create native thread: possibly out of memory or process/resource limits reached> (0x000000008492c3e8) 
thrown [t:\workspace\open\src\hotspot\share\prims\jvm.cpp, line 2920]
Event: 35173.085 Thread 0x000001ad7ee196e0 Exception <a 'java/lang/NoClassDefFoundError'{0x000000008498bba8}: javax/validation/ValidationException> (0x000000008498bba8) 
thrown [t:\workspace\open\src\hotspot\share\oops\constantPool.cpp, line 835]
Event: 35173.087 Thread 0x000001ad7ee196e0 Exception <a 'java/lang/NoClassDefFoundError'{0x000000008498f148}: liquibase/exception/ChangeLogParseException> (0x000000008498f148) 
thrown [t:\workspace\open\src\hotspot\share\oops\constantPool.cpp, line 835]
Event: 35173.107 Thread 0x000001ad7ee196e0 Exception <a 'java/lang/reflect/InvocationTargetException'{0x00000000849b8978}> (0x00000000849b8978) 
thrown [t:\workspace\open\src\hotspot\share\runtime\reflection.cpp, line 1121]
Event: 35173.110 Thread 0x000001ad7ee19210 Exception <a 'java/lang/OutOfMemoryError'{0x000000008728afd8}: unable to create native thread: possibly out of memory or process/resource limits reached> (0x000000008728afd8) 
thrown [t:\workspace\open\src\hotspot\share\prims\jvm.cpp, line 2920]

VM Operations (20 events):
Event: 35010.373 Executing VM operation: Cleanup done
Event: 35043.796 Executing VM operation: G1CollectForAllocation
Event: 35043.901 Executing VM operation: G1CollectForAllocation done
Event: 35135.270 Executing VM operation: Cleanup
Event: 35135.292 Executing VM operation: Cleanup done
Event: 35165.315 Executing VM operation: Cleanup
Event: 35165.326 Executing VM operation: Cleanup done
Event: 35166.327 Executing VM operation: Cleanup
Event: 35166.328 Executing VM operation: Cleanup done
Event: 35167.213 Executing VM operation: G1CollectFull
Event: 35167.913 Executing VM operation: G1CollectFull done
Event: 35168.194 Executing VM operation: ICBufferFull
Event: 35168.207 Executing VM operation: ICBufferFull done
Event: 35169.217 Executing VM operation: Cleanup
Event: 35169.217 Executing VM operation: Cleanup done
Event: 35171.232 Executing VM operation: Cleanup
Event: 35171.232 Executing VM operation: Cleanup done
Event: 35172.248 Executing VM operation: Cleanup
Event: 35172.248 Executing VM operation: Cleanup done
Event: 35173.257 Executing VM operation: Cleanup

Events (20 events):
Event: 35167.057 Thread 0x000001ad7ee1b3c0 Thread added: 0x000001ad7ee1b3c0
Event: 35167.061 Thread 0x000001ad01155260 Thread exited: 0x000001ad01155260
Event: 35167.157 Thread 0x000001ad7ee1b3c0 Thread exited: 0x000001ad7ee1b3c0
Event: 35167.914 Thread 0x000001ad01158280 Thread exited: 0x000001ad01158280
Event: 35167.915 Thread 0x000001ad01153a50 Thread exited: 0x000001ad01153a50
Event: 35167.915 Thread 0x000001ad01157db0 Thread exited: 0x000001ad01157db0
Event: 35167.919 Thread 0x000001ad7ee1a080 Thread added: 0x000001ad7ee1a080
Event: 35167.933 Thread 0x000001ad7ee1a080 Thread exited: 0x000001ad7ee1a080
Event: 35167.934 Thread 0x000001ad7ee196e0 Thread added: 0x000001ad7ee196e0
Event: 35168.274 Thread 0x000001ad0124da30 Thread added: 0x000001ad0124da30
Event: 35168.808 Thread 0x000001ad7ee19bb0 Thread added: 0x000001ad7ee19bb0
Event: 35169.031 Thread 0x000001ad7ee19bb0 Thread exited: 0x000001ad7ee19bb0
Event: 35173.107 Thread 0x000001ad7ee196e0 Thread exited: 0x000001ad7ee196e0
Event: 35173.124 loading class java/lang/Throwable$WrappedPrintStream
Event: 35173.227 loading class java/lang/Throwable$PrintStreamOrWriter
Event: 35173.230 loading class java/lang/Throwable$PrintStreamOrWriter done
Event: 35173.230 loading class java/lang/Throwable$WrappedPrintStream done
Event: 35173.233 Thread 0x000001ad7ee19210 Thread exited: 0x000001ad7ee19210
Event: 35173.238 Thread 0x000001ad7ee1bd60 Thread added: 0x000001ad7ee1bd60
Event: 35173.239 Thread 0x000001ad7ee1cbd0 Thread added: 0x000001ad7ee1cbd0


Dynamic libraries:
0x00007ff68a0c0000 - 0x00007ff68a0d0000 	C:\Program Files\Java\jdk-17.0.2\bin\java.exe
0x00007ffcc6020000 - 0x00007ffcc6229000 	C:\WINDOWS\SYSTEM32\ntdll.dll
0x00007ffcc3fb0000 - 0x00007ffcc406d000 	C:\WINDOWS\System32\KERNEL32.DLL
0x00007ffcc3620000 - 0x00007ffcc399c000 	C:\WINDOWS\System32\KERNELBASE.dll
0x00007ffcc3500000 - 0x00007ffcc3611000 	C:\WINDOWS\System32\ucrtbase.dll
0x00007ffcb92d0000 - 0x00007ffcb92ea000 	C:\Program Files\Java\jdk-17.0.2\bin\VCRUNTIME140.dll
0x00007ffcb2b80000 - 0x00007ffcb2b98000 	C:\Program Files\Java\jdk-17.0.2\bin\jli.dll
0x00007ffcc4350000 - 0x00007ffcc43fe000 	C:\WINDOWS\System32\ADVAPI32.dll
0x00007ffcc4840000 - 0x00007ffcc48e3000 	C:\WINDOWS\System32\msvcrt.dll
0x00007ffcc4d90000 - 0x00007ffcc4e2e000 	C:\WINDOWS\System32\sechost.dll
0x00007ffcc41b0000 - 0x00007ffcc42d0000 	C:\WINDOWS\System32\RPCRT4.dll
0x00007ffcc44f0000 - 0x00007ffcc469d000 	C:\WINDOWS\System32\USER32.dll
0x00007ffcc3b60000 - 0x00007ffcc3b86000 	C:\WINDOWS\System32\win32u.dll
0x00007ffcb4c20000 - 0x00007ffcb4ec5000 	C:\WINDOWS\WinSxS\amd64_microsoft.windows.common-controls_6595b64144ccf1df_6.0.22000.120_none_9d947278b86cc467\COMCTL32.dll
0x00007ffcc4d60000 - 0x00007ffcc4d89000 	C:\WINDOWS\System32\GDI32.dll
0x00007ffcc3a40000 - 0x00007ffcc3b59000 	C:\WINDOWS\System32\gdi32full.dll
0x00007ffcc39a0000 - 0x00007ffcc3a3d000 	C:\WINDOWS\System32\msvcp_win.dll
0x00007ffcba2d0000 - 0x00007ffcba2da000 	C:\WINDOWS\SYSTEM32\VERSION.dll
0x00007ffcc4e40000 - 0x00007ffcc4e71000 	C:\WINDOWS\System32\IMM32.DLL
0x00007ffcb2c10000 - 0x00007ffcb2c1c000 	C:\Program Files\Java\jdk-17.0.2\bin\vcruntime140_1.dll
0x00007ffcaaf40000 - 0x00007ffcaafcd000 	C:\Program Files\Java\jdk-17.0.2\bin\msvcp140.dll
0x00007ffc4d1d0000 - 0x00007ffc4dd91000 	C:\Program Files\Java\jdk-17.0.2\bin\server\jvm.dll
0x00007ffcc3fa0000 - 0x00007ffcc3fa8000 	C:\WINDOWS\System32\PSAPI.DLL
0x00007ffc98cd0000 - 0x00007ffc98cd9000 	C:\WINDOWS\SYSTEM32\WSOCK32.dll
0x00007ffcbc680000 - 0x00007ffcbc6b3000 	C:\WINDOWS\SYSTEM32\WINMM.dll
0x00007ffcc3eb0000 - 0x00007ffcc3f1f000 	C:\WINDOWS\System32\WS2_32.dll
0x00007ffcc26a0000 - 0x00007ffcc26b8000 	C:\WINDOWS\SYSTEM32\kernel.appcore.dll
0x00007ffcb2ab0000 - 0x00007ffcb2aba000 	C:\Program Files\Java\jdk-17.0.2\bin\jimage.dll
0x00007ffcad5a0000 - 0x00007ffcad7c1000 	C:\WINDOWS\SYSTEM32\DBGHELP.DLL
0x00007ffcad090000 - 0x00007ffcad0c1000 	C:\WINDOWS\SYSTEM32\dbgcore.DLL
0x00007ffcc3b90000 - 0x00007ffcc3c0f000 	C:\WINDOWS\System32\bcryptPrimitives.dll
0x00007ffcb2970000 - 0x00007ffcb297e000 	C:\Program Files\Java\jdk-17.0.2\bin\instrument.dll
0x00007ffcb29e0000 - 0x00007ffcb2a05000 	C:\Program Files\Java\jdk-17.0.2\bin\java.dll
0x00007ffc83940000 - 0x00007ffc83a16000 	C:\Program Files\Java\jdk-17.0.2\bin\jsvml.dll
0x00007ffcc53c0000 - 0x00007ffcc5b78000 	C:\WINDOWS\System32\SHELL32.dll
0x00007ffcc1630000 - 0x00007ffcc1e98000 	C:\WINDOWS\SYSTEM32\windows.storage.dll
0x00007ffcc5c60000 - 0x00007ffcc5fd9000 	C:\WINDOWS\System32\combase.dll
0x00007ffcc14c0000 - 0x00007ffcc1626000 	C:\WINDOWS\SYSTEM32\wintypes.dll
0x00007ffcc4400000 - 0x00007ffcc44ea000 	C:\WINDOWS\System32\SHCORE.dll
0x00007ffcc3f20000 - 0x00007ffcc3f7d000 	C:\WINDOWS\System32\shlwapi.dll
0x00007ffcc3430000 - 0x00007ffcc3451000 	C:\WINDOWS\SYSTEM32\profapi.dll
0x00007ffcb2890000 - 0x00007ffcb28a8000 	C:\Program Files\Java\jdk-17.0.2\bin\zip.dll
0x00007ffcb29c0000 - 0x00007ffcb29d9000 	C:\Program Files\Java\jdk-17.0.2\bin\net.dll
0x00007ffcbb6a0000 - 0x00007ffcbb7ac000 	C:\WINDOWS\SYSTEM32\WINHTTP.dll
0x00007ffcc2ad0000 - 0x00007ffcc2b37000 	C:\WINDOWS\system32\mswsock.dll
0x00007ffcb2980000 - 0x00007ffcb2996000 	C:\Program Files\Java\jdk-17.0.2\bin\nio.dll
0x00007ffcadcd0000 - 0x00007ffcadcea000 	C:\Program Files\JetBrains\IntelliJ IDEA 2021.3\bin\breakgen64.dll
0x00007ffcc2240000 - 0x00007ffcc2328000 	C:\WINDOWS\SYSTEM32\DNSAPI.dll
0x00007ffcc2210000 - 0x00007ffcc223d000 	C:\WINDOWS\SYSTEM32\IPHLPAPI.DLL
0x00007ffcc4700000 - 0x00007ffcc4709000 	C:\WINDOWS\System32\NSI.dll
0x00007ffcb50b0000 - 0x00007ffcb50ba000 	C:\Windows\System32\rasadhlp.dll
0x00007ffcba430000 - 0x00007ffcba4b1000 	C:\WINDOWS\System32\fwpuclnt.dll
0x00007ffcb2940000 - 0x00007ffcb2949000 	C:\Program Files\Java\jdk-17.0.2\bin\management.dll
0x00007ffcb1da0000 - 0x00007ffcb1dab000 	C:\Program Files\Java\jdk-17.0.2\bin\management_ext.dll
0x00007ffcc2d40000 - 0x00007ffcc2d58000 	C:\WINDOWS\SYSTEM32\CRYPTSP.dll
0x00007ffcc2600000 - 0x00007ffcc2635000 	C:\WINDOWS\system32\rsaenh.dll
0x00007ffcc2bb0000 - 0x00007ffcc2bd9000 	C:\WINDOWS\SYSTEM32\USERENV.dll
0x00007ffcc2ee0000 - 0x00007ffcc2f07000 	C:\WINDOWS\SYSTEM32\bcrypt.dll
0x00007ffcc2d30000 - 0x00007ffcc2d3c000 	C:\WINDOWS\SYSTEM32\CRYPTBASE.dll
0x00007ffcbb680000 - 0x00007ffcbb699000 	C:\WINDOWS\SYSTEM32\dhcpcsvc6.DLL
0x00007ffcbc180000 - 0x00007ffcbc19e000 	C:\WINDOWS\SYSTEM32\dhcpcsvc.DLL
0x00007ffc954c0000 - 0x00007ffc954d7000 	C:\WINDOWS\system32\napinsp.dll
0x00007ffc954a0000 - 0x00007ffc954bb000 	C:\WINDOWS\system32\pnrpnsp.dll
0x00007ffc95480000 - 0x00007ffc95492000 	C:\WINDOWS\System32\winrnr.dll
0x00007ffcbb250000 - 0x00007ffcbb265000 	C:\WINDOWS\system32\wshbth.dll
0x00007ffc95460000 - 0x00007ffc9547f000 	C:\WINDOWS\system32\nlansp_c.dll
0x00007ffcb1d90000 - 0x00007ffcb1d9e000 	C:\Program Files\Java\jdk-17.0.2\bin\sunmscapi.dll
0x00007ffcc3c10000 - 0x00007ffcc3d72000 	C:\WINDOWS\System32\CRYPT32.dll
0x00007ffcc2eb0000 - 0x00007ffcc2ed8000 	C:\WINDOWS\SYSTEM32\ncrypt.dll
0x00007ffcc2e70000 - 0x00007ffcc2ea7000 	C:\WINDOWS\SYSTEM32\NTASN1.dll
0x00007ffcab410000 - 0x00007ffcab418000 	C:\WINDOWS\system32\wshunix.dll

dbghelp: loaded successfully - version: 4.0.5 - missing functions: none
symbol engine: initialized successfully - sym options: 0x614 - pdb path: .;C:\Program Files\Java\jdk-17.0.2\bin;C:\WINDOWS\SYSTEM32;C:\WINDOWS\WinSxS\amd64_microsoft.windows.common-controls_6595b64144ccf1df_6.0.22000.120_none_9d947278b86cc467;C:\Program Files\Java\jdk-17.0.2\bin\server;C:\Program Files\JetBrains\IntelliJ IDEA 2021.3\bin

VM Arguments:
jvm_args: -XX:TieredStopAtLevel=1 -Xverify:none -Dspring.output.ansi.enabled=always -javaagent:C:\Program Files\JetBrains\IntelliJ IDEA 2021.3\lib\idea_rt.jar=57051:C:\Program Files\JetBrains\IntelliJ IDEA 2021.3\bin -Dcom.sun.management.jmxremote -Dspring.jmx.enabled=true -Dspring.liveBeansView.mbeanDomain -Dspring.application.admin.enabled=true -Dfile.encoding=UTF-8 
java_command: com.example.ssn_api.SsnApiApplication
java_class_path (initial): C:\Users\Laptop\Desktop\udemy\java\ssn_tester\target\classes;C:\Users\Laptop\.m2\repository\org\springframework\boot\spring-boot-starter-web\2.7.4\spring-boot-starter-web-2.7.4.jar;C:\Users\Laptop\.m2\repository\org\springframework\boot\spring-boot-starter\2.7.4\spring-boot-starter-2.7.4.jar;C:\Users\Laptop\.m2\repository\org\springframework\boot\spring-boot-starter-logging\2.7.4\spring-boot-starter-logging-2.7.4.jar;C:\Users\Laptop\.m2\repository\ch\qos\logback\logback-classic\1.2.11\logback-classic-1.2.11.jar;C:\Users\Laptop\.m2\repository\ch\qos\logback\logback-core\1.2.11\logback-core-1.2.11.jar;C:\Users\Laptop\.m2\repository\org\apache\logging\log4j\log4j-to-slf4j\2.17.2\log4j-to-slf4j-2.17.2.jar;C:\Users\Laptop\.m2\repository\org\apache\logging\log4j\log4j-api\2.17.2\log4j-api-2.17.2.jar;C:\Users\Laptop\.m2\repository\org\slf4j\jul-to-slf4j\1.7.36\jul-to-slf4j-1.7.36.jar;C:\Users\Laptop\.m2\repository\jakarta\annotation\jakarta.annotation-api\1.3.5\jakarta.annotation-api-1.3.5.jar;C:\Users\Laptop\.m2\repository\org\yaml\snakeyaml\1.30\snakeyaml-1.30.jar;C:\Users\Laptop\.m2\repository\org\springframework\boot\spring-boot-starter-json\2.7.4\spring-boot-starter-json-2.7.4.jar;C:\Users\Laptop\.m2\repository\com\fasterxml\jackson\datatype\jackson-datatype-jdk8\2.13.4\jackson-datatype-jdk8-2.13.4.jar;C:\Users\Laptop\.m2\repository\com\fasterxml\jackson\datatype\jackson-datatype-jsr310\2.13.4\jackson-datatype-jsr310-2.13.4.jar;C:\Users\Laptop\.m2\repository\com\fasterxml\jackson\module\jackson-module-parameter-names\2.13.4\jackson-module-parameter-names-2.13.4.jar;C:\Users\Laptop\.m2\repository\org\springframework\boot\spring-boot-starter-tomcat\2.7.4\spring-boot-starter-tomcat-2.7.4.jar;C:\Users\Laptop\.m2\repository\org\apache\tomcat\embed\tomcat-embed-core\9.0.65\tomcat-embed-core-9.0.65.jar;C:\Users\Laptop\.m2\repository\org\apache\tomcat\embed\tomcat-embed-el\9.0.65\tomcat-embed-el-9.0.65.jar;C:\Users\Laptop\.m2\repository\org\apache
Launcher Type: SUN_STANDARD

[Global flags]
     intx CICompilerCount                          = 4                                         {product} {ergonomic}
     uint ConcGCThreads                            = 2                                         {product} {ergonomic}
     uint G1ConcRefinementThreads                  = 8                                         {product} {ergonomic}
   size_t G1HeapRegionSize                         = 1048576                                   {product} {ergonomic}
    uintx GCDrainStackTargetSize                   = 64                                        {product} {ergonomic}
   size_t InitialHeapSize                          = 132120576                                 {product} {ergonomic}
     bool ManagementServer                         = true                                      {product} {command line}
   size_t MarkStackSize                            = 4194304                                   {product} {ergonomic}
   size_t MaxHeapSize                              = 2107637760                                {product} {ergonomic}
   size_t MaxNewSize                               = 1264582656                                {product} {ergonomic}
   size_t MinHeapDeltaBytes                        = 1048576                                   {product} {ergonomic}
   size_t MinHeapSize                              = 8388608                                   {product} {ergonomic}
    uintx NonProfiledCodeHeapSize                  = 0                                      {pd product} {ergonomic}
     bool ProfileInterpreter                       = false                                  {pd product} {command line}
    uintx ProfiledCodeHeapSize                     = 0                                      {pd product} {ergonomic}
   size_t SoftMaxHeapSize                          = 2107637760                             {manageable} {ergonomic}
     intx TieredStopAtLevel                        = 1                                         {product} {command line}
     bool UseCompressedClassPointers               = true                           {product lp64_product} {ergonomic}
     bool UseCompressedOops                        = true                           {product lp64_product} {ergonomic}
     bool UseG1GC                                  = true                                      {product} {ergonomic}
     bool UseLargePagesIndividualAllocation        = false                                  {pd product} {ergonomic}

Logging:
Log output configuration:
 #0: stdout all=warning uptime,level,tags
 #1: stderr all=off uptime,level,tags

Environment Variables:
JAVA_HOME=C:\Program Files\Java\jdk-18.0.1.1
PATH=C:\Program Files\Common Files\Oracle\Java\javapath;C:\Python310\Scripts\;C:\Python310\;C:\Windows\system32;C:\Windows;C:\Windows\System32\Wbem;C:\Windows\System32\WindowsPowerShell\v1.0\;C:\Windows\System32\OpenSSH\;C:\Program Files (x86)\NVIDIA Corporation\PhysX\Common;C:\Program Files\NVIDIA Corporation\NVIDIA NvDLISR;C:\Program Files\Intel\WiFi\bin\;C:\Program Files\Common Files\Intel\WirelessCommon\;C:\WINDOWS\system32;C:\WINDOWS;C:\WINDOWS\System32\Wbem;C:\WINDOWS\System32\WindowsPowerShell\v1.0\;C:\WINDOWS\System32\OpenSSH\;C:\Program Files\Git\cmd;C:\Program Files\PuTTY\;C:\Program Files (x86)\WinSCP\;C:\ProgramData\ComposerSetup\bin;C:\Program Files\nodejs\;C:\ProgramData\chocolatey\bin;C:\Program Files\Amazon\AWSCLIV2\;C:\Program Files\Docker\Docker\resources\bin;C:\ProgramData\DockerDesktop\version-bin;C:\Users\Laptop\AppData\Local\Programs\Python\Python38-32\Scripts\;C:\Users\Laptop\AppData\Local\Programs\Python\Python38-32\;C:\Users\Laptop\AppData\Local\Microsoft\WindowsApps;C:\Users\Laptop\AppData\Local\Programs\Microsoft VS Code\bin;C:\Program Files\JetBrains\PhpStorm 2019.2.3\bin;C:\Program Files\MongoDB\Server\4.4\bin;;C:\Program Files\JetBrains\PyCharm 2019.1.3\bin;;C:\xampp8\php;C:\wamp64\bin\php\php7.3.12;C:\Users\Laptop\AppData\Roaming\Composer\vendor\bin;C:\Program Files\heroku\bin;C:\wamp64\bin\mysql\mysql8.0.18\bin;C:\Program Files\wkhtmltopdf\bin;C:\Users\Laptop\AppData\Roaming\Python\Python38\Scripts;C:\Users\Laptop\Documents\WindowsPowerShell\Modules;C:\Program Files\mingw-w64\x86_64-8.1.0-posix-seh-rt_v6-rev0\mingw64\bin;C:\Program Files\JetBrains\CLion 2019.2.3\bin;;C:\Users\Laptop\Downloads\chromedriver_win32;C:\Users\Laptop\AppData\Roaming\npm;C:\Program Files\Java\jdk-17.0.1\bin;C:\Program Files\JetBrains\IntelliJ IDEA 2021.3\bin;;C:\Users\Laptop\AppData\Local\GitHubDesktop\bin;C:\Program Files\Docker\Docker;C:\Python310\Lib\site-packages\virtualenv;C:\Program FilesWebStorm 2019.1.2\bin;;C:\MongoDB\mongosh\bin;C:\Python310;C:\Program
USERNAME=Laptop
OS=Windows_NT
PROCESSOR_IDENTIFIER=Intel64 Family 6 Model 158 Stepping 10, GenuineIntel



---------------  S Y S T E M  ---------------

OS:
 Windows 11 , 64 bit Build 22000 (10.0.22000.708)
OS uptime: 10 days 12:28 hours
Hyper-V role detected

CPU: total 8 (initial active 8) (4 cores per cpu, 2 threads per core) family 6 model 158 stepping 10 microcode 0xde, cx8, cmov, fxsr, ht, mmx, 3dnowpref, sse, sse2, sse3, ssse3, sse4.1, sse4.2, popcnt, lzcnt, tsc, tscinvbit, avx, avx2, aes, erms, clmul, bmi1, bmi2, adx, fma, vzeroupper, clflush, clflushopt, hv

Memory: 4k page, system-wide physical 8038M (442M free)
TotalPageFile size 32614M (AvailPageFile size 24M)
current process WorkingSet (physical memory assigned to process): 169M, peak: 203M
current process commit charge ("private bytes"): 251M, peak: 271M

vm_info: Java HotSpot(TM) 64-Bit Server VM (17.0.2+8-LTS-86) for windows-amd64 JRE (17.0.2+8-LTS-86), built on Dec  7 2021 21:51:03 by "mach5one" with MS VC++ 16.8 / 16.9 (VS2019)

END.
